  dllmain.cpp
  garmin-ida-loader.cpp
C:\Hex-Rays.IDA.Pro.Advanced.v6.5\idasdk\include\diskio.hpp(589): warning C4244: '=' : conversion from 'int64' to 'size_t', possible loss of data
garmin-ida-loader.cpp(55): warning C4018: '>=' : signed/unsigned mismatch
garmin-ida-loader.cpp(56): warning C4018: '>=' : signed/unsigned mismatch
C:\Program\MSBuild\Microsoft.Cpp\v4.0\Microsoft.CppBuild.targets(990,5): warning MSB8012: TargetPath(C:\Hex-Rays.IDA.Pro.Advanced.v6.5\idasdk\plugins\garmin-ida-loader\Release\garmin-ida-loader.dll) does not match the Linker's OutputFile property value (C:\Hex-Rays.IDA.Pro.Advanced.v6.5\idasdk\plugins\garmin-ida-loader\Release\garmin-ida-loader.ldw). This may cause your project to build incorrectly. To correct this, please make sure that $(OutDir), $(TargetName) and $(TargetExt) property values match the value specified in %(Link.OutputFile).
C:\Program\MSBuild\Microsoft.Cpp\v4.0\Microsoft.CppBuild.targets(991,5): warning MSB8012: TargetExt(.dll) does not match the Linker's OutputFile property value (.ldw). This may cause your project to build incorrectly. To correct this, please make sure that $(OutDir), $(TargetName) and $(TargetExt) property values match the value specified in %(Link.OutputFile).
     Creating library C:\Hex-Rays.IDA.Pro.Advanced.v6.5\idasdk\plugins\garmin-ida-loader\Release\garmin-ida-loader.lib and object C:\Hex-Rays.IDA.Pro.Advanced.v6.5\idasdk\plugins\garmin-ida-loader\Release\garmin-ida-loader.exp
garmin-ida-loader.obj : error LNK2001: unresolved external symbol _base2file@16
garmin-ida-loader.obj : error LNK2001: unresolved external symbol _qlread@12
garmin-ida-loader.obj : error LNK2001: unresolved external symbol _vloader_failure@8
garmin-ida-loader.obj : error LNK2001: unresolved external symbol _set_processor_type@8
garmin-ida-loader.obj : error LNK2001: unresolved external symbol _add_segm@20
garmin-ida-loader.obj : error LNK2001: unresolved external symbol _qsnprintf
garmin-ida-loader.obj : error LNK2001: unresolved external symbol _add_entry@16
garmin-ida-loader.obj : error LNK2001: unresolved external symbol _qlsize@4
garmin-ida-loader.obj : error LNK2001: unresolved external symbol _set_segm_addressing@8
garmin-ida-loader.obj : error LNK2001: unresolved external symbol _file2base@20
garmin-ida-loader.obj : error LNK2001: unresolved external symbol _get_segm_by_name@4
C:\Hex-Rays.IDA.Pro.Advanced.v6.5\idasdk\plugins\garmin-ida-loader\Release\garmin-ida-loader.ldw : fatal error LNK1120: 11 unresolved externals
